[debug] [2020-09-01T17:06:08.059Z] ----------------------------------------------------------------------
[debug] [2020-09-01T17:06:08.060Z] Command:       /usr/local/bin/node /usr/local/bin/firebase serve
[debug] [2020-09-01T17:06:08.061Z] CLI Version:   8.9.2
[debug] [2020-09-01T17:06:08.061Z] Platform:      linux
[debug] [2020-09-01T17:06:08.061Z] Node Version:  v14.4.0
[debug] [2020-09-01T17:06:08.061Z] Time:          Tue Sep 01 2020 18:06:08 GMT+0100 (British Summer Time)
[debug] [2020-09-01T17:06:08.061Z] ----------------------------------------------------------------------
[debug] [2020-09-01T17:06:08.061Z] 
[debug] [2020-09-01T17:06:08.067Z] > command requires scopes: ["email","openid","https://www.googleapis.com/auth/cloudplatformprojects.readonly","https://www.googleapis.com/auth/firebase","https://www.googleapis.com/auth/cloud-platform"]
[debug] [2020-09-01T17:06:08.067Z] > authorizing via signed-in user
[debug] [2020-09-01T17:06:08.067Z] [iam] checking project net-ninja-marioplay-32337 for permissions ["firebase.projects.get"]
[debug] [2020-09-01T17:06:08.069Z] >>> HTTP REQUEST POST https://cloudresourcemanager.googleapis.com/v1/projects/net-ninja-marioplay-32337:testIamPermissions  
 {"permissions":["firebase.projects.get"]}
[debug] [2020-09-01T17:06:09.824Z] <<< HTTP RESPONSE 200 {"content-type":"application/json; charset=UTF-8","vary":"X-Origin, Referer, Origin,Accept-Encoding","date":"Tue, 01 Sep 2020 17:06:09 GMT","server":"ESF","cache-control":"private","x-xss-protection":"0","x-frame-options":"SAMEORIGIN","x-content-type-options":"nosniff","server-timing":"gfet4t7; dur=1353","alt-svc":"h3-29=\":443\"; ma=2592000,h3-27=\":443\"; ma=2592000,h3-T051=\":443\"; ma=2592000,h3-T050=\":443\"; ma=2592000,h3-Q050=\":443\"; ma=2592000,h3-Q046=\":443\"; ma=2592000,h3-Q043=\":443\"; ma=2592000,quic=\":443\"; ma=2592000; v=\"46,43\"","accept-ranges":"none","transfer-encoding":"chunked"}
[debug] [2020-09-01T17:06:09.829Z] >>> HTTP REQUEST GET https://firebase.googleapis.com/v1beta1/projects/net-ninja-marioplay-32337  
 
[debug] [2020-09-01T17:06:10.421Z] <<< HTTP RESPONSE 200 {"content-type":"application/json; charset=UTF-8","vary":"X-Origin, Referer, Origin,Accept-Encoding","date":"Tue, 01 Sep 2020 17:06:10 GMT","server":"ESF","cache-control":"private","x-xss-protection":"0","x-frame-options":"SAMEORIGIN","x-content-type-options":"nosniff","alt-svc":"h3-29=\":443\"; ma=2592000,h3-27=\":443\"; ma=2592000,h3-T051=\":443\"; ma=2592000,h3-T050=\":443\"; ma=2592000,h3-Q050=\":443\"; ma=2592000,h3-Q046=\":443\"; ma=2592000,h3-Q043=\":443\"; ma=2592000,quic=\":443\"; ma=2592000; v=\"46,43\"","accept-ranges":"none","transfer-encoding":"chunked"}
[info] 
[info] === Serving from '/home/atg/ReactCodeBase/microservices-app'...
[info] 
[debug] [2020-09-01T17:06:10.430Z] >>> HTTP REQUEST GET https://firebase.googleapis.com/v1beta1/projects/net-ninja-marioplay-32337/webApps/-/config  
 
[debug] [2020-09-01T17:06:12.269Z] <<< HTTP RESPONSE 200 {"content-type":"application/json; charset=UTF-8","vary":"X-Origin, Referer, Origin,Accept-Encoding","date":"Tue, 01 Sep 2020 17:06:12 GMT","server":"ESF","cache-control":"private","x-xss-protection":"0","x-frame-options":"SAMEORIGIN","x-content-type-options":"nosniff","alt-svc":"h3-29=\":443\"; ma=2592000,h3-27=\":443\"; ma=2592000,h3-T051=\":443\"; ma=2592000,h3-T050=\":443\"; ma=2592000,h3-Q050=\":443\"; ma=2592000,h3-Q046=\":443\"; ma=2592000,h3-Q043=\":443\"; ma=2592000,quic=\":443\"; ma=2592000; v=\"46,43\"","accept-ranges":"none","transfer-encoding":"chunked"}
[info] i  hosting: Serving hosting files from: public {"metadata":{"emulator":{"name":"hosting"},"message":"Serving hosting files from: \u001b[1mpublic\u001b[22m"}}
[info] ✔  hosting: Local server: http://localhost:5000 {"metadata":{"emulator":{"name":"hosting"},"message":"Local server: \u001b[4m\u001b[1mhttp://localhost:5000\u001b[22m\u001b[24m"}}
[info] i  hosting: 127.0.0.1 - - [01/Sep/2020:17:06:14 +0000] "GET / HTTP/1.1" 200 3510 "-" "Mozilla/5.0 (X11; Linux x86_64) AppleWebKit/537.36 (KHTML, like Gecko) Ubuntu Chromium/77.0.3865.90 Chrome/77.0.3865.90 Safari/537.36" {"metadata":{"emulator":{"name":"hosting"},"message":"127.0.0.1 - - [01/Sep/2020:17:06:14 +0000] \"GET / HTTP/1.1\" 200 3510 \"-\" \"Mozilla/5.0 (X11; Linux x86_64) AppleWebKit/537.36 (KHTML, like Gecko) Ubuntu Chromium/77.0.3865.90 Chrome/77.0.3865.90 Safari/537.36\""}}
[info] i  hosting: 127.0.0.1 - - [01/Sep/2020:17:06:14 +0000] "GET /__/firebase/init.js HTTP/1.1" 200 - "http://localhost:5000/" "Mozilla/5.0 (X11; Linux x86_64) AppleWebKit/537.36 (KHTML, like Gecko) Ubuntu Chromium/77.0.3865.90 Chrome/77.0.3865.90 Safari/537.36" {"metadata":{"emulator":{"name":"hosting"},"message":"127.0.0.1 - - [01/Sep/2020:17:06:14 +0000] \"GET /__/firebase/init.js HTTP/1.1\" 200 - \"http://localhost:5000/\" \"Mozilla/5.0 (X11; Linux x86_64) AppleWebKit/537.36 (KHTML, like Gecko) Ubuntu Chromium/77.0.3865.90 Chrome/77.0.3865.90 Safari/537.36\""}}
